<?xml version="1.0" encoding="UTF-8"?>
<testsuite xmlns:xsi="http://www.w3.org/2001/XMLSchema-instance" xsi:noNamespaceSchemaLocation="https://maven.apache.org/surefire/maven-surefire-plugin/xsd/surefire-test-report-3.0.xsd" version="3.0" name="com.nexoria.api.security.SecurityConfigIntegrationTest" time="3.38" tests="3" errors="0" skipped="0" failures="0">
  <properties>
[...]
</properties>
  <testcase name="shouldExposeSecurityHeadersOnPublicEndpoints" classname="com.nexoria.api.security.SecurityConfigIntegrationTest" time="0.166">
    <system-out><![CDATA[2026-04-10T09:34:12.882-04:00  INFO 21608 --- [           main] t.c.s.AnnotationConfigContextLoaderUtils : Could not detect default configuration classes for test class [com.nexoria.api.security.SecurityConfigIntegrationTest]: SecurityConfigIntegrationTest does not declare any static, non-private, non-final, nested classes annotated with @Configuration.
2026-04-10T09:34:12.891-04:00  INFO 21608 --- [           main] .b.t.c.SpringBootTestContextBootstrapper : Found @SpringBootConfiguration com.nexoria.api.NexoriaApiApplication for test class com.nexoria.api.security.SecurityConfigIntegrationTest
  .   ____          _            __ _ _
 /\\ / ___'_ __ _ _(_)_ __  __ _ \ \ \ \
( ( )\___ | '_ | '_| | '_ \/ _` | \ \ \ \
 \\/  ___)| |_)| | | | | || (_| |  ) ) ) )
  '  |____| .__|_| |_|_| |_\__, | / / / /
 =========|_|==============|___/=/_/_/_/

 :: Spring Boot ::                (v3.3.0)

2026-04-10T09:34:12.937-04:00  INFO 21608 --- [           main] c.n.a.s.SecurityConfigIntegrationTest    : Starting SecurityConfigIntegrationTest using Java 21.0.10 with PID 21608 (started by adryan.jefferson in C:\Users\adryan.jefferson\Desktop\IdeaProjects\Nexoria\backend)
2026-04-10T09:34:12.938-04:00  INFO 21608 --- [           main] c.n.a.s.SecurityConfigIntegrationTest    : No active profile set, falling back to 1 default profile: "default"
2026-04-10T09:34:13.428-04:00  INFO 21608 --- [           main] .s.d.r.c.RepositoryConfigurationDelegate : Bootstrapping Spring Data JPA repositories in DEFAULT mode.
2026-04-10T09:34:13.448-04:00  INFO 21608 --- [           main] .s.d.r.c.RepositoryConfigurationDelegate : Finished Spring Data repository scanning in 18 ms. Found 2 JPA repository interfaces.
2026-04-10T09:34:13.627-04:00  INFO 21608 --- [           main] com.zaxxer.hikari.HikariDataSource       : HikariPool-2 - Starting...
2026-04-10T09:34:13.628-04:00  INFO 21608 --- [           main] com.zaxxer.hikari.pool.HikariPool        : HikariPool-2 - Added connection conn16: url=jdbc:h2:mem:nexoria user=SA
2026-04-10T09:34:13.629-04:00  INFO 21608 --- [           main] com.zaxxer.hikari.HikariDataSource       : HikariPool-2 - Start completed.
2026-04-10T09:34:13.630-04:00  INFO 21608 --- [           main] org.flywaydb.core.FlywayExecutor         : Database: jdbc:h2:mem:nexoria (H2 2.2)
2026-04-10T09:34:13.631-04:00  WARN 21608 --- [           main] o.f.c.internal.database.base.Database    : Flyway upgrade recommended: H2 2.2.224 is newer than this version of Flyway and support has not been tested. The latest supported version of H2 is 2.2.220.
2026-04-10T09:34:13.640-04:00  INFO 21608 --- [           main] o.f.core.internal.command.DbValidate     : Successfully validated 2 migrations (execution time 00:00.007s)
2026-04-10T09:34:13.644-04:00  INFO 21608 --- [           main] o.f.core.internal.command.DbMigrate      : Current version of schema "PUBLIC": 2
2026-04-10T09:34:13.646-04:00  INFO 21608 --- [           main] o.f.core.internal.command.DbMigrate      : Schema "PUBLIC" is up to date. No migration necessary.
2026-04-10T09:34:13.690-04:00  INFO 21608 --- [           main] o.hibernate.jpa.internal.util.LogHelper  : HHH000204: Processing PersistenceUnitInfo [name: default]
2026-04-10T09:34:13.692-04:00  INFO 21608 --- [           main] o.h.c.internal.RegionFactoryInitiator    : HHH000026: Second-level cache disabled
2026-04-10T09:34:13.709-04:00  INFO 21608 --- [           main] o.s.o.j.p.SpringPersistenceUnitInfo      : No LoadTimeWeaver setup: ignoring JPA class transformer
2026-04-10T09:34:13.711-04:00  WARN 21608 --- [           main] org.hibernate.orm.deprecation            : HHH90000025: H2Dialect does not need to be specified explicitly using 'hibernate.dialect' (remove the property setting and it will be selected by default)
2026-04-10T09:34:13.799-04:00  INFO 21608 --- [           main] o.h.e.t.j.p.i.JtaPlatformInitiator       : HHH000489: No JTA platform available (set 'hibernate.transaction.jta.platform' to enable JTA platform integration)
2026-04-10T09:34:13.799-04:00  INFO 21608 --- [           main] j.LocalContainerEntityManagerFactoryBean : Initialized JPA EntityManagerFactory for persistence unit 'default'
2026-04-10T09:34:13.979-04:00  INFO 21608 --- [           main] eAuthenticationProviderManagerConfigurer : Global AuthenticationManager configured with AuthenticationProvider bean with name authenticationProvider
2026-04-10T09:34:13.979-04:00  WARN 21608 --- [           main] r$InitializeUserDetailsManagerConfigurer : Global AuthenticationManager configured with an AuthenticationProvider bean. UserDetailsService beans will not be used for username/password login. Consider removing the AuthenticationProvider bean. Alternatively, consider using the UserDetailsService in a manually instantiated DaoAuthenticationProvider.
2026-04-10T09:34:14.089-04:00  WARN 21608 --- [           main] JpaBaseConfiguration$JpaWebConfiguration : spring.jpa.open-in-view is enabled by default. Therefore, database queries may be performed during view rendering. Explicitly configure spring.jpa.open-in-view to disable this warning
2026-04-10T09:34:14.384-04:00  INFO 21608 --- [           main] o.s.b.a.e.web.EndpointLinksResolver      : Exposing 1 endpoint beneath base path '/actuator'
2026-04-10T09:34:14.426-04:00  INFO 21608 --- [           main] o.s.s.web.DefaultSecurityFilterChain     : Will secure any request with [org.springframework.security.web.session.DisableEncodeUrlFilter@53c770b4, org.springframework.security.web.context.request.async.WebAsyncManagerIntegrationFilter@674916ae, org.springframework.security.web.context.SecurityContextHolderFilter@329970b5, org.springframework.security.web.header.HeaderWriterFilter@766b43bd, org.springframework.web.filter.CorsFilter@77c60c78, org.springframework.security.web.authentication.logout.LogoutFilter@64d23a83, com.nexoria.api.security.AuthRateLimitFilter@2dfab333, com.nexoria.api.security.JwtAuthFilter@18acf886, org.springframework.security.web.savedrequest.RequestCacheAwareFilter@11f4ffb, org.springframework.security.web.servletapi.SecurityContextHolderAwareRequestFilter@5f37597b, org.springframework.security.web.authentication.AnonymousAuthenticationFilter@1c6e96dd, org.springframework.security.web.session.SessionManagementFilter@70bae186, org.springframework.security.web.access.ExceptionTranslationFilter@6f0dc938, org.springframework.security.web.access.intercept.AuthorizationFilter@4f0f76b4]
2026-04-10T09:34:14.860-04:00  INFO 21608 --- [           main] o.s.b.t.m.w.SpringBootMockServletContext : Initializing Spring TestDispatcherServlet ''
2026-04-10T09:34:14.862-04:00  INFO 21608 --- [           main] o.s.t.web.servlet.TestDispatcherServlet  : Initializing Servlet ''
2026-04-10T09:34:14.862-04:00  INFO 21608 --- [           main] o.s.t.web.servlet.TestDispatcherServlet  : Completed initialization in 0 ms
2026-04-10T09:34:14.884-04:00  INFO 21608 --- [           main] c.n.a.s.SecurityConfigIntegrationTest    : Started SecurityConfigIntegrationTest in 1.99 seconds (process running for 21.746)
]]></system-out>
  </testcase>
  <testcase name="shouldExposeOpenApiAndHealthEndpointsWithoutAuthentication" classname="com.nexoria.api.security.SecurityConfigIntegrationTest" time="1.041">
    <system-out><![CDATA[2026-04-10T09:34:15.983-04:00  INFO 21608 --- [           main] o.springdoc.api.AbstractOpenApiResource  : Init duration for springdoc-openapi is: 901 ms
]]></system-out>
  </testcase>
  <testcase name="shouldRateLimitAuthEndpoints" classname="com.nexoria.api.security.SecurityConfigIntegrationTest" time="0.16"/>
</testsuite>