<?xml version="1.0" encoding="UTF-8"?>
<testsuite xmlns:xsi="http://www.w3.org/2001/XMLSchema-instance" xsi:noNamespaceSchemaLocation="https://maven.apache.org/surefire/maven-surefire-plugin/xsd/surefire-test-report-3.0.xsd" version="3.0" name="com.nexoria.api.blueprint.BlueprintRepositoryTest" time="1.103" tests="1" errors="0" skipped="0" failures="0">
  <properties>
[...]
</properties>
  <testcase name="whenSave_thenFindById" classname="com.nexoria.api.blueprint.BlueprintRepositoryTest" time="0.404">
    <system-out><![CDATA[2026-04-10T09:34:11.779-04:00  INFO 21608 --- [           main] t.c.s.AnnotationConfigContextLoaderUtils : Could not detect default configuration classes for test class [com.nexoria.api.blueprint.BlueprintRepositoryTest]: BlueprintRepositoryTest does not declare any static, non-private, non-final, nested classes annotated with @Configuration.
2026-04-10T09:34:11.793-04:00  INFO 21608 --- [           main] .b.t.c.SpringBootTestContextBootstrapper : Found @SpringBootConfiguration com.nexoria.api.NexoriaApiApplication for test class com.nexoria.api.blueprint.BlueprintRepositoryTest
  .   ____          _            __ _ _
 /\\ / ___'_ __ _ _(_)_ __  __ _ \ \ \ \
( ( )\___ | '_ | '_| | '_ \/ _` | \ \ \ \
 \\/  ___)| |_)| | | | | || (_| |  ) ) ) )
  '  |____| .__|_| |_|_| |_\__, | / / / /
 =========|_|==============|___/=/_/_/_/

 :: Spring Boot ::                (v3.3.0)

2026-04-10T09:34:11.836-04:00  INFO 21608 --- [           main] c.n.a.blueprint.BlueprintRepositoryTest  : Starting BlueprintRepositoryTest using Java 21.0.10 with PID 21608 (started by adryan.jefferson in C:\Users\adryan.jefferson\Desktop\IdeaProjects\Nexoria\backend)
2026-04-10T09:34:11.837-04:00  INFO 21608 --- [           main] c.n.a.blueprint.BlueprintRepositoryTest  : No active profile set, falling back to 1 default profile: "default"
2026-04-10T09:34:12.021-04:00  INFO 21608 --- [           main] .s.d.r.c.RepositoryConfigurationDelegate : Bootstrapping Spring Data JPA repositories in DEFAULT mode.
2026-04-10T09:34:12.044-04:00  INFO 21608 --- [           main] .s.d.r.c.RepositoryConfigurationDelegate : Finished Spring Data repository scanning in 21 ms. Found 2 JPA repository interfaces.
2026-04-10T09:34:12.074-04:00  INFO 21608 --- [           main] beddedDataSourceBeanFactoryPostProcessor : Replacing 'dataSource' DataSource bean with embedded version
2026-04-10T09:34:12.153-04:00  INFO 21608 --- [           main] o.s.j.d.e.EmbeddedDatabaseFactory        : Starting embedded database: url='jdbc:h2:mem:03a66bbc-b26e-4011-8cbc-8a3d016b9657;DB_CLOSE_DELAY=-1;DB_CLOSE_ON_EXIT=false', username='sa'
2026-04-10T09:34:12.186-04:00  INFO 21608 --- [           main] org.flywaydb.core.FlywayExecutor         : Database: jdbc:h2:mem:03a66bbc-b26e-4011-8cbc-8a3d016b9657 (H2 2.2)
2026-04-10T09:34:12.188-04:00  WARN 21608 --- [           main] o.f.c.internal.database.base.Database    : Flyway upgrade recommended: H2 2.2.224 is newer than this version of Flyway and support has not been tested. The latest supported version of H2 is 2.2.220.
2026-04-10T09:34:12.192-04:00  INFO 21608 --- [           main] o.f.c.i.s.JdbcTableSchemaHistory         : Schema history table "PUBLIC"."flyway_schema_history" does not exist yet
2026-04-10T09:34:12.192-04:00  INFO 21608 --- [           main] o.f.core.internal.command.DbValidate     : Successfully validated 2 migrations (execution time 00:00.002s)
2026-04-10T09:34:12.194-04:00  INFO 21608 --- [           main] o.f.c.i.s.JdbcTableSchemaHistory         : Creating Schema History table "PUBLIC"."flyway_schema_history" ...
2026-04-10T09:34:12.204-04:00  INFO 21608 --- [           main] o.f.core.internal.command.DbMigrate      : Current version of schema "PUBLIC": << Empty Schema >>
2026-04-10T09:34:12.209-04:00  INFO 21608 --- [           main] o.f.core.internal.command.DbMigrate      : Migrating schema "PUBLIC" to version "1 - init schema"
2026-04-10T09:34:12.221-04:00  INFO 21608 --- [           main] o.f.core.internal.command.DbMigrate      : Migrating schema "PUBLIC" to version "2 - add user ownership"
2026-04-10T09:34:12.227-04:00  INFO 21608 --- [           main] o.f.core.internal.command.DbMigrate      : Successfully applied 2 migrations to schema "PUBLIC", now at version v2 (execution time 00:00.011s)
2026-04-10T09:34:12.250-04:00  INFO 21608 --- [           main] o.hibernate.jpa.internal.util.LogHelper  : HHH000204: Processing PersistenceUnitInfo [name: default]
2026-04-10T09:34:12.256-04:00  INFO 21608 --- [           main] o.h.c.internal.RegionFactoryInitiator    : HHH000026: Second-level cache disabled
2026-04-10T09:34:12.270-04:00  INFO 21608 --- [           main] o.s.o.j.p.SpringPersistenceUnitInfo      : No LoadTimeWeaver setup: ignoring JPA class transformer
2026-04-10T09:34:12.272-04:00  WARN 21608 --- [           main] org.hibernate.orm.deprecation            : HHH90000025: H2Dialect does not need to be specified explicitly using 'hibernate.dialect' (remove the property setting and it will be selected by default)
2026-04-10T09:34:12.372-04:00  INFO 21608 --- [           main] o.h.e.t.j.p.i.JtaPlatformInitiator       : HHH000489: No JTA platform available (set 'hibernate.transaction.jta.platform' to enable JTA platform integration)
2026-04-10T09:34:12.372-04:00  INFO 21608 --- [           main] j.LocalContainerEntityManagerFactoryBean : Initialized JPA EntityManagerFactory for persistence unit 'default'
2026-04-10T09:34:12.471-04:00  INFO 21608 --- [           main] c.n.a.blueprint.BlueprintRepositoryTest  : Started BlueprintRepositoryTest in 0.676 seconds (process running for 19.333)
Hibernate: insert into users (created_at,email,password_hash,role,updated_at,id) values (?,?,?,?,?,default)
Hibernate: insert into blueprints (created_at,temperature,weathercode,windspeed,industry,ready_for_retainer,revenue_range,score,updated_at,url,user_id,id) values (?,?,?,?,?,?,?,?,?,?,?,default)
Hibernate: select b1_0.id,b1_0.created_at,b1_0.temperature,b1_0.weathercode,b1_0.windspeed,b1_0.industry,b1_0.ready_for_retainer,b1_0.revenue_range,b1_0.score,b1_0.updated_at,b1_0.url,b1_0.user_id from blueprints b1_0 where b1_0.id=? and b1_0.user_id=?
]]></system-out>
  </testcase>
</testsuite>